<?xml version="1.0" encoding="UTF-8"?>
<testsuite xmlns:xsi="http://www.w3.org/2001/XMLSchema-instance" xsi:noNamespaceSchemaLocation="https://maven.apache.org/surefire/maven-surefire-plugin/xsd/surefire-test-report-3.0.xsd" version="3.0" name="TestSuite" time="68.064" tests="4" errors="0" skipped="1" failures="1">
  <properties>
    <property name="java.specification.version" value="17"/>
    <property name="webdriver.chrome.driver" value="/Users/roman_rak/.m2/repository/webdriver/chromedriver/mac64/102.0.5005.61/chromedriver"/>
    <property name="sun.jnu.encoding" value="UTF-8"/>
    <property name="java.class.path" value="/Users/roman_rak/Desktop/FramevorkUniversityUi/target/test-classes:/Users/roman_rak/Desktop/FramevorkUniversityUi/target/classes:/Users/roman_rak/.m2/repository/org/testng/testng/7.1.0/testng-7.1.0.jar:/Users/roman_rak/.m2/repository/com/beust/jcommander/1.72/jcommander-1.72.jar:/Users/roman_rak/.m2/repository/com/google/inject/guice/4.1.0/guice-4.1.0-no_aop.jar:/Users/roman_rak/.m2/repository/javax/inject/javax.inject/1/javax.inject-1.jar:/Users/roman_rak/.m2/repository/aopalliance/aopalliance/1.0/aopalliance-1.0.jar:/Users/roman_rak/.m2/repository/org/yaml/snakeyaml/1.21/snakeyaml-1.21.jar:/Users/roman_rak/.m2/repository/org/seleniumhq/selenium/selenium-java/3.141.59/selenium-java-3.141.59.jar:/Users/roman_rak/.m2/repository/org/seleniumhq/selenium/selenium-api/3.141.59/selenium-api-3.141.59.jar:/Users/roman_rak/.m2/repository/org/seleniumhq/selenium/selenium-chrome-driver/3.141.59/selenium-chrome-driver-3.141.59.jar:/Users/roman_rak/.m2/repository/org/seleniumhq/selenium/selenium-edge-driver/3.141.59/selenium-edge-driver-3.141.59.jar:/Users/roman_rak/.m2/repository/org/seleniumhq/selenium/selenium-firefox-driver/3.141.59/selenium-firefox-driver-3.141.59.jar:/Users/roman_rak/.m2/repository/org/seleniumhq/selenium/selenium-ie-driver/3.141.59/selenium-ie-driver-3.141.59.jar:/Users/roman_rak/.m2/repository/org/seleniumhq/selenium/selenium-opera-driver/3.141.59/selenium-opera-driver-3.141.59.jar:/Users/roman_rak/.m2/repository/org/seleniumhq/selenium/selenium-remote-driver/3.141.59/selenium-remote-driver-3.141.59.jar:/Users/roman_rak/.m2/repository/org/seleniumhq/selenium/selenium-safari-driver/3.141.59/selenium-safari-driver-3.141.59.jar:/Users/roman_rak/.m2/repository/org/seleniumhq/selenium/selenium-support/3.141.59/selenium-support-3.141.59.jar:/Users/roman_rak/.m2/repository/net/bytebuddy/byte-buddy/1.8.15/byte-buddy-1.8.15.jar:/Users/roman_rak/.m2/repository/org/apache/commons/commons-exec/1.3/commons-exec-1.3.jar:/Users/roman_rak/.m2/repository/com/google/guava/guava/25.0-jre/guava-25.0-jre.jar:/Users/roman_rak/.m2/repository/com/google/code/findbugs/jsr305/1.3.9/jsr305-1.3.9.jar:/Users/roman_rak/.m2/repository/org/checkerframework/checker-compat-qual/2.0.0/checker-compat-qual-2.0.0.jar:/Users/roman_rak/.m2/repository/com/google/errorprone/error_prone_annotations/2.1.3/error_prone_annotations-2.1.3.jar:/Users/roman_rak/.m2/repository/com/google/j2objc/j2objc-annotations/1.1/j2objc-annotations-1.1.jar:/Users/roman_rak/.m2/repository/org/codehaus/mojo/animal-sniffer-annotations/1.14/animal-sniffer-annotations-1.14.jar:/Users/roman_rak/.m2/repository/com/squareup/okhttp3/okhttp/3.11.0/okhttp-3.11.0.jar:/Users/roman_rak/.m2/repository/com/squareup/okio/okio/1.14.0/okio-1.14.0.jar:/Users/roman_rak/.m2/repository/io/qameta/allure/allure-testng/2.13.5/allure-testng-2.13.5.jar:/Users/roman_rak/.m2/repository/io/qameta/allure/allure-java-commons/2.13.5/allure-java-commons-2.13.5.jar:/Users/roman_rak/.m2/repository/io/qameta/allure/allure-model/2.13.5/allure-model-2.13.5.jar:/Users/roman_rak/.m2/repository/com/fasterxml/jackson/core/jackson-databind/2.9.8/jackson-databind-2.9.8.jar:/Users/roman_rak/.m2/repository/com/fasterxml/jackson/core/jackson-annotations/2.9.0/jackson-annotations-2.9.0.jar:/Users/roman_rak/.m2/repository/com/fasterxml/jackson/core/jackson-core/2.9.8/jackson-core-2.9.8.jar:/Users/roman_rak/.m2/repository/org/apache/tika/tika-core/1.20/tika-core-1.20.jar:/Users/roman_rak/.m2/repository/org/jooq/joor-java-8/0.9.10/joor-java-8-0.9.10.jar:/Users/roman_rak/.m2/repository/io/github/bonigarcia/webdrivermanager/4.1.0/webdrivermanager-4.1.0.jar:/Users/roman_rak/.m2/repository/org/slf4j/slf4j-api/1.7.30/slf4j-api-1.7.30.jar:/Users/roman_rak/.m2/repository/commons-io/commons-io/2.7/commons-io-2.7.jar:/Users/roman_rak/.m2/repository/com/google/code/gson/gson/2.8.6/gson-2.8.6.jar:/Users/roman_rak/.m2/repository/org/apache/commons/commons-lang3/3.10/commons-lang3-3.10.jar:/Users/roman_rak/.m2/repository/org/apache/httpcomponents/client5/httpclient5/5.0.1/httpclient5-5.0.1.jar:/Users/roman_rak/.m2/repository/org/apache/httpcomponents/core5/httpcore5/5.0.1/httpcore5-5.0.1.jar:/Users/roman_rak/.m2/repository/org/apache/httpcomponents/core5/httpcore5-h2/5.0.1/httpcore5-h2-5.0.1.jar:/Users/roman_rak/.m2/repository/commons-codec/commons-codec/1.13/commons-codec-1.13.jar:/Users/roman_rak/.m2/repository/org/rauschig/jarchivelib/1.0.0/jarchivelib-1.0.0.jar:/Users/roman_rak/.m2/repository/org/apache/commons/commons-compress/1.18/commons-compress-1.18.jar:/Users/roman_rak/.m2/repository/org/jsoup/jsoup/1.13.1/jsoup-1.13.1.jar:/Users/roman_rak/.m2/repository/org/apache/logging/log4j/log4j-core/2.13.3/log4j-core-2.13.3.jar:/Users/roman_rak/.m2/repository/org/apache/logging/log4j/log4j-api/2.13.3/log4j-api-2.13.3.jar:"/>
    <property name="java.vm.vendor" value="Oracle Corporation"/>
    <property name="sun.arch.data.model" value="64"/>
    <property name="java.vendor.url" value="https://java.oracle.com/"/>
    <property name="user.timezone" value="Europe/Kiev"/>
    <property name="os.name" value="Mac OS X"/>
    <property name="java.vm.specification.version" value="17"/>
    <property name="sun.java.launcher" value="SUN_STANDARD"/>
    <property name="user.country" value="UA"/>
    <property name="sun.boot.library.path" value="/Users/roman_rak/Library/Java/JavaVirtualMachines/openjdk-17.0.2/Contents/Home/lib"/>
    <property name="sun.java.command" value="/Users/roman_rak/Desktop/FramevorkUniversityUi/target/surefire/surefirebooter6827858389556358387.jar /Users/roman_rak/Desktop/FramevorkUniversityUi/target/surefire 2022-06-03T15-39-59_751-jvmRun1 surefire18250711680450579919tmp surefire_09567561061451782809tmp"/>
    <property name="http.nonProxyHosts" value="local|*.local|169.254/16|*.169.254/16"/>
    <property name="jdk.debug" value="release"/>
    <property name="surefire.test.class.path" value="/Users/roman_rak/Desktop/FramevorkUniversityUi/target/test-classes:/Users/roman_rak/Desktop/FramevorkUniversityUi/target/classes:/Users/roman_rak/.m2/repository/org/testng/testng/7.1.0/testng-7.1.0.jar:/Users/roman_rak/.m2/repository/com/beust/jcommander/1.72/jcommander-1.72.jar:/Users/roman_rak/.m2/repository/com/google/inject/guice/4.1.0/guice-4.1.0-no_aop.jar:/Users/roman_rak/.m2/repository/javax/inject/javax.inject/1/javax.inject-1.jar:/Users/roman_rak/.m2/repository/aopalliance/aopalliance/1.0/aopalliance-1.0.jar:/Users/roman_rak/.m2/repository/org/yaml/snakeyaml/1.21/snakeyaml-1.21.jar:/Users/roman_rak/.m2/repository/org/seleniumhq/selenium/selenium-java/3.141.59/selenium-java-3.141.59.jar:/Users/roman_rak/.m2/repository/org/seleniumhq/selenium/selenium-api/3.141.59/selenium-api-3.141.59.jar:/Users/roman_rak/.m2/repository/org/seleniumhq/selenium/selenium-chrome-driver/3.141.59/selenium-chrome-driver-3.141.59.jar:/Users/roman_rak/.m2/repository/org/seleniumhq/selenium/selenium-edge-driver/3.141.59/selenium-edge-driver-3.141.59.jar:/Users/roman_rak/.m2/repository/org/seleniumhq/selenium/selenium-firefox-driver/3.141.59/selenium-firefox-driver-3.141.59.jar:/Users/roman_rak/.m2/repository/org/seleniumhq/selenium/selenium-ie-driver/3.141.59/selenium-ie-driver-3.141.59.jar:/Users/roman_rak/.m2/repository/org/seleniumhq/selenium/selenium-opera-driver/3.141.59/selenium-opera-driver-3.141.59.jar:/Users/roman_rak/.m2/repository/org/seleniumhq/selenium/selenium-remote-driver/3.141.59/selenium-remote-driver-3.141.59.jar:/Users/roman_rak/.m2/repository/org/seleniumhq/selenium/selenium-safari-driver/3.141.59/selenium-safari-driver-3.141.59.jar:/Users/roman_rak/.m2/repository/org/seleniumhq/selenium/selenium-support/3.141.59/selenium-support-3.141.59.jar:/Users/roman_rak/.m2/repository/net/bytebuddy/byte-buddy/1.8.15/byte-buddy-1.8.15.jar:/Users/roman_rak/.m2/repository/org/apache/commons/commons-exec/1.3/commons-exec-1.3.jar:/Users/roman_rak/.m2/repository/com/google/guava/guava/25.0-jre/guava-25.0-jre.jar:/Users/roman_rak/.m2/repository/com/google/code/findbugs/jsr305/1.3.9/jsr305-1.3.9.jar:/Users/roman_rak/.m2/repository/org/checkerframework/checker-compat-qual/2.0.0/checker-compat-qual-2.0.0.jar:/Users/roman_rak/.m2/repository/com/google/errorprone/error_prone_annotations/2.1.3/error_prone_annotations-2.1.3.jar:/Users/roman_rak/.m2/repository/com/google/j2objc/j2objc-annotations/1.1/j2objc-annotations-1.1.jar:/Users/roman_rak/.m2/repository/org/codehaus/mojo/animal-sniffer-annotations/1.14/animal-sniffer-annotations-1.14.jar:/Users/roman_rak/.m2/repository/com/squareup/okhttp3/okhttp/3.11.0/okhttp-3.11.0.jar:/Users/roman_rak/.m2/repository/com/squareup/okio/okio/1.14.0/okio-1.14.0.jar:/Users/roman_rak/.m2/repository/io/qameta/allure/allure-testng/2.13.5/allure-testng-2.13.5.jar:/Users/roman_rak/.m2/repository/io/qameta/allure/allure-java-commons/2.13.5/allure-java-commons-2.13.5.jar:/Users/roman_rak/.m2/repository/io/qameta/allure/allure-model/2.13.5/allure-model-2.13.5.jar:/Users/roman_rak/.m2/repository/com/fasterxml/jackson/core/jackson-databind/2.9.8/jackson-databind-2.9.8.jar:/Users/roman_rak/.m2/repository/com/fasterxml/jackson/core/jackson-annotations/2.9.0/jackson-annotations-2.9.0.jar:/Users/roman_rak/.m2/repository/com/fasterxml/jackson/core/jackson-core/2.9.8/jackson-core-2.9.8.jar:/Users/roman_rak/.m2/repository/org/apache/tika/tika-core/1.20/tika-core-1.20.jar:/Users/roman_rak/.m2/repository/org/jooq/joor-java-8/0.9.10/joor-java-8-0.9.10.jar:/Users/roman_rak/.m2/repository/io/github/bonigarcia/webdrivermanager/4.1.0/webdrivermanager-4.1.0.jar:/Users/roman_rak/.m2/repository/org/slf4j/slf4j-api/1.7.30/slf4j-api-1.7.30.jar:/Users/roman_rak/.m2/repository/commons-io/commons-io/2.7/commons-io-2.7.jar:/Users/roman_rak/.m2/repository/com/google/code/gson/gson/2.8.6/gson-2.8.6.jar:/Users/roman_rak/.m2/repository/org/apache/commons/commons-lang3/3.10/commons-lang3-3.10.jar:/Users/roman_rak/.m2/repository/org/apache/httpcomponents/client5/httpclient5/5.0.1/httpclient5-5.0.1.jar:/Users/roman_rak/.m2/repository/org/apache/httpcomponents/core5/httpcore5/5.0.1/httpcore5-5.0.1.jar:/Users/roman_rak/.m2/repository/org/apache/httpcomponents/core5/httpcore5-h2/5.0.1/httpcore5-h2-5.0.1.jar:/Users/roman_rak/.m2/repository/commons-codec/commons-codec/1.13/commons-codec-1.13.jar:/Users/roman_rak/.m2/repository/org/rauschig/jarchivelib/1.0.0/jarchivelib-1.0.0.jar:/Users/roman_rak/.m2/repository/org/apache/commons/commons-compress/1.18/commons-compress-1.18.jar:/Users/roman_rak/.m2/repository/org/jsoup/jsoup/1.13.1/jsoup-1.13.1.jar:/Users/roman_rak/.m2/repository/org/apache/logging/log4j/log4j-core/2.13.3/log4j-core-2.13.3.jar:/Users/roman_rak/.m2/repository/org/apache/logging/log4j/log4j-api/2.13.3/log4j-api-2.13.3.jar:"/>
    <property name="allure.results.directory" value="target/allure-results"/>
    <property name="sun.cpu.endian" value="little"/>
    <property name="user.home" value="/Users/roman_rak"/>
    <property name="user.language" value="uk"/>
    <property name="java.specification.vendor" value="Oracle Corporation"/>
    <property name="java.version.date" value="2022-01-18"/>
    <property name="java.home" value="/Users/roman_rak/Library/Java/JavaVirtualMachines/openjdk-17.0.2/Contents/Home"/>
    <property name="file.separator" value="/"/>
    <property name="basedir" value="/Users/roman_rak/Desktop/FramevorkUniversityUi"/>
    <property name="java.vm.compressedOopsMode" value="Zero based"/>
    <property name="line.separator" value="&#10;"/>
    <property name="java.vm.specification.vendor" value="Oracle Corporation"/>
    <property name="java.specification.name" value="Java Platform API Specification"/>
    <property name="surefire.real.class.path" value="/Users/roman_rak/Desktop/FramevorkUniversityUi/target/surefire/surefirebooter6827858389556358387.jar"/>
    <property name="sun.management.compiler" value="HotSpot 64-Bit Tiered Compilers"/>
    <property name="ftp.nonProxyHosts" value="local|*.local|169.254/16|*.169.254/16"/>
    <property name="java.runtime.version" value="17.0.2+8-86"/>
    <property name="user.name" value="roman_rak"/>
    <property name="path.separator" value=":"/>
    <property name="os.version" value="12.2.1"/>
    <property name="java.runtime.name" value="OpenJDK Runtime Environment"/>
    <property name="file.encoding" value="UTF-8"/>
    <property name="java.vm.name" value="OpenJDK 64-Bit Server VM"/>
    <property name="localRepository" value="/Users/roman_rak/.m2/repository"/>
    <property name="java.vendor.url.bug" value="https://bugreport.java.com/bugreport/"/>
    <property name="java.io.tmpdir" value="/var/folders/db/87gld4017r31bk23nmx4nq980000gn/T/"/>
    <property name="idea.version" value="2021.3.2"/>
    <property name="java.version" value="17.0.2"/>
    <property name="user.dir" value="/Users/roman_rak/Desktop/FramevorkUniversityUi"/>
    <property name="os.arch" value="x86_64"/>
    <property name="java.vm.specification.name" value="Java Virtual Machine Specification"/>
    <property name="native.encoding" value="UTF-8"/>
    <property name="java.library.path" value="/Users/roman_rak/Library/Java/Extensions:/Library/Java/Extensions:/Network/Library/Java/Extensions:/System/Library/Java/Extensions:/usr/lib/java:."/>
    <property name="java.vm.info" value="mixed mode, sharing"/>
    <property name="java.vendor" value="Oracle Corporation"/>
    <property name="java.vm.version" value="17.0.2+8-86"/>
    <property name="sun.io.unicode.encoding" value="UnicodeBig"/>
    <property name="socksNonProxyHosts" value="local|*.local|169.254/16|*.169.254/16"/>
    <property name="java.class.version" value="61.0"/>
  </properties>
  <testcase name="homePageTest" classname="org.example.test.HomePageTest" time="0.246">
    <system-out><![CDATA[[INFO ] 2022-06-03 15:40:11.387 TestBase:31 - Browser:Chrome is used for testing
[INFO ] 2022-06-03 15:40:15.510 TestBase:34 - Application Url : http://automationpractice.com/index.php is opened in browser.
[INFO ] 2022-06-03 15:40:15.794 TestBase:39 - Window maximized and cookies are deleted
[WARN ] 2022-06-03 15:40:16.149 HomePageTest:24 - Running home Page Test
]]></system-out>
    <system-err><![CDATA[SLF4J: Failed to load class "org.slf4j.impl.StaticLoggerBinder".
SLF4J: Defaulting to no-operation (NOP) logger implementation
SLF4J: See http://www.slf4j.org/codes.html#StaticLoggerBinder for further details.
Starting ChromeDriver 102.0.5005.61 (0e59bcc00cc4985ce39ad31c150065f159d95ad3-refs/branch-heads/5005@{#819}) on port 7547
Only local connections are allowed.
Please see https://chromedriver.chromium.org/security-considerations for suggestions on keeping ChromeDriver safe.
ChromeDriver was started successfully.
черв. 03, 2022 3:40:09 ПП org.openqa.selenium.remote.ProtocolHandshake createSession
INFO: Detected dialect: W3C
]]></system-err>
  </testcase>
  <testcase name="verifySuccessfulRegistrationTest" classname="org.example.test.RegistrationTest" time="0">
    <skipped message="null"/>
    <system-out><![CDATA[[INFO ] 2022-06-03 15:40:16.390 TestBase:45 - Quiting Driver
[INFO ] 2022-06-03 15:40:18.505 TestBase:31 - Browser:Chrome is used for testing
[INFO ] 2022-06-03 15:40:24.427 TestBase:34 - Application Url : http://automationpractice.com/index.php is opened in browser.
[INFO ] 2022-06-03 15:40:24.687 TestBase:39 - Window maximized and cookies are deleted
]]></system-out>
    <system-err><![CDATA[Starting ChromeDriver 102.0.5005.61 (0e59bcc00cc4985ce39ad31c150065f159d95ad3-refs/branch-heads/5005@{#819}) on port 40855
Only local connections are allowed.
Please see https://chromedriver.chromium.org/security-considerations for suggestions on keeping ChromeDriver safe.
ChromeDriver was started successfully.
черв. 03, 2022 3:40:18 ПП org.openqa.selenium.remote.ProtocolHandshake createSession
INFO: Detected dialect: W3C
]]></system-err>
  </testcase>
  <testcase name="verifySuccessfulRegistrationTest" classname="org.example.test.RegistrationTest" time="13.814">
    <failure message="null" type="java.lang.AssertionError"><![CDATA[java.lang.AssertionError: null
	at org.example.test.RegistrationTest.verifySuccessfulRegistrationTest(RegistrationTest.java:58)
]]></failure>
    <system-out><![CDATA[[INFO ] 2022-06-03 15:40:38.318 TestBase:45 - Quiting Driver
[INFO ] 2022-06-03 15:40:40.748 TestBase:31 - Browser:Chrome is used for testing
[INFO ] 2022-06-03 15:40:44.693 TestBase:34 - Application Url : http://automationpractice.com/index.php is opened in browser.
[INFO ] 2022-06-03 15:40:44.985 TestBase:39 - Window maximized and cookies are deleted
]]></system-out>
    <system-err><![CDATA[Starting ChromeDriver 102.0.5005.61 (0e59bcc00cc4985ce39ad31c150065f159d95ad3-refs/branch-heads/5005@{#819}) on port 12251
Only local connections are allowed.
Please see https://chromedriver.chromium.org/security-considerations for suggestions on keeping ChromeDriver safe.
ChromeDriver was started successfully.
черв. 03, 2022 3:40:40 ПП org.openqa.selenium.remote.ProtocolHandshake createSession
INFO: Detected dialect: W3C
]]></system-err>
  </testcase>
  <testcase name="verifyNotAbleToAddToWishlistWithoutLoginTest" classname="org.example.test.AddToWishlistTest" time="3.808">
    <system-out><![CDATA[[INFO ] 2022-06-03 15:40:59.309 TestBase:45 - Quiting Driver
[INFO ] 2022-06-03 15:41:01.519 TestBase:31 - Browser:Chrome is used for testing
[INFO ] 2022-06-03 15:41:05.178 TestBase:34 - Application Url : http://automationpractice.com/index.php is opened in browser.
[INFO ] 2022-06-03 15:41:05.427 TestBase:39 - Window maximized and cookies are deleted
[ERROR] 2022-06-03 15:41:08.482 AddToWishlistTest:25 - Text doesn't match
]]></system-out>
    <system-err><![CDATA[Starting ChromeDriver 102.0.5005.61 (0e59bcc00cc4985ce39ad31c150065f159d95ad3-refs/branch-heads/5005@{#819}) on port 36334
Only local connections are allowed.
Please see https://chromedriver.chromium.org/security-considerations for suggestions on keeping ChromeDriver safe.
ChromeDriver was started successfully.
черв. 03, 2022 3:41:01 ПП org.openqa.selenium.remote.ProtocolHandshake createSession
INFO: Detected dialect: W3C
]]></system-err>
  </testcase>
</testsuite>