<?xml version="1.0" encoding="UTF-8"?>
<!-- Generated by org.testng.reporters.JUnitReportReporter -->
<testsuite hostname="MacBook-Pro-Roman-Rak.local" failures="0" tests="1" name="org.example.test.AddToWishlistTest" time="9.940" errors="0" timestamp="2022-06-03T15:41:09 EEST" skipped="0">
  <testcase classname="org.example.test.AddToWishlistTest" name="verifyNotAbleToAddToWishlistWithoutLoginTest" time="9.940"/>
  <system-out/>
</testsuite> <!-- org.example.test.AddToWishlistTest -->
